<?xml version="1.0" encoding="UTF-8"?>
<!-- Generated by org.testng.reporters.JUnitReportReporter -->
<testsuite hostname="LAPTOP-CIG3UQOC" failures="0" tests="1" name="testcases.TC03_VerifyAddCustomerPage" time="1.295" errors="0" timestamp="2021-11-29T21:21:00 IST" skipped="0">
  <testcase classname="testcases.TC03_VerifyAddCustomerPage" name="addNewCustomer" time="1.295"/>
  <system-out/>
</testsuite> <!-- testcases.TC03_VerifyAddCustomerPage -->
