<?xml version="1.0" encoding="UTF-8"?>
<!-- Generated by org.testng.reporters.JUnitReportReporter -->
<testsuite hostname="LAPTOP-CIG3UQOC" failures="0" tests="2" name="testcases.TC02_Verify_ManagerHomepage" time="0.704" errors="0" timestamp="2021-11-29T21:21:00 IST" skipped="0">
  <testcase classname="testcases.TC02_Verify_ManagerHomepage" name="verify_manager_home_page_title" time="0.068"/>
  <system-out/>
  <testcase classname="testcases.TC02_Verify_ManagerHomepage" name="verifynewCustomer" time="0.636"/>
  <system-out/>
</testsuite> <!-- testcases.TC02_Verify_ManagerHomepage -->
