<?xml version="1.0" encoding="UTF-8"?>
<!-- Generated by org.testng.reporters.JUnitReportReporter -->
<testsuite hostname="LIN35005384" failures="0" tests="2" name="testcases.Tc001_login" time="4.617" errors="0" timestamp="2021-11-28T16:44:24 IST" skipped="0">
  <testcase classname="testcases.Tc001_login" name="testlogin" time="0.851"/>
  <system-out/>
  <testcase classname="testcases.Tc001_login" name="login_with_Valid_Credentials" time="3.766"/>
  <system-out/>
</testsuite> <!-- testcases.Tc001_login -->
